<?xml version="1.0" encoding="UTF-8"?>
<testng-results skipped="0" failed="0" ignored="0" total="2" passed="2">
  <reporter-output>
  </reporter-output>
  <suite name="Suite" duration-ms="24064" started-at="2018-03-10T06:56:01Z" finished-at="2018-03-10T06:56:25Z">
    <groups>
    </groups>
    <test name="chromebrowser" duration-ms="8876" started-at="2018-03-10T06:56:01Z" finished-at="2018-03-10T06:56:10Z">
      <class name="com.firefox.Test1">
        <test-method status="PASS" signature="launch(java.lang.String)[pri:0, instance:com.firefox.Test1@6acdbdf5]" name="launch" duration-ms="8843" started-at="2018-03-10T12:26:01Z" finished-at="2018-03-10T12:26:10Z">
          <params>
            <param index="0">
              <value>
                <![CDATA[ie]]>
              </value>
            </param>
          </params>
          <reporter-output>
          </reporter-output>
        </test-method> <!-- launch -->
      </class> <!-- com.firefox.Test1 -->
    </test> <!-- chromebrowser -->
    <test name="internet" duration-ms="15088" started-at="2018-03-10T06:56:10Z" finished-at="2018-03-10T06:56:25Z">
      <class name="com.firefox.Test1">
        <test-method status="PASS" signature="launch(java.lang.String)[pri:0, instance:com.firefox.Test1@80503]" name="launch" duration-ms="15083" started-at="2018-03-10T12:26:10Z" finished-at="2018-03-10T12:26:25Z">
          <params>
            <param index="0">
              <value>
                <![CDATA[chrome]]>
              </value>
            </param>
          </params>
          <reporter-output>
          </reporter-output>
        </test-method> <!-- launch -->
      </class> <!-- com.firefox.Test1 -->
    </test> <!-- internet -->
  </suite> <!-- Suite -->
</testng-results>
